Building DAG of jobs...
Using shell: /bin/bash
Provided cores: 5
Rules claiming more threads will be scaled down.
Job counts:
	count	jobs
	1	all
	4	combine
	20	pi
	20	raisd
	20	slim
	65

[Tue Dec 17 23:04:27 2019]
rule slim:
    input: hsweep.slm
    output: hsweep_3_bgs0.2sweep0.vcf
    jobid: 58
    wildcards: iter=3, bgs=0.2, sweep=0


[Tue Dec 17 23:04:27 2019]
rule slim:
    input: hsweep.slm
    output: hsweep_4_bgs0sweep1.vcf
    jobid: 64
    wildcards: iter=4, bgs=0, sweep=1


[Tue Dec 17 23:04:27 2019]
rule slim:
    input: hsweep.slm
    output: hsweep_4_bgs0.2sweep1.vcf
    jobid: 10
    wildcards: iter=4, bgs=0.2, sweep=1


[Tue Dec 17 23:04:27 2019]
rule slim:
    input: hsweep.slm
    output: hsweep_3_bgs0sweep0.vcf
    jobid: 4
    wildcards: iter=3, bgs=0, sweep=0


[Tue Dec 17 23:04:27 2019]
rule slim:
    input: hsweep.slm
    output: hsweep_4_bgs0sweep0.vcf
    jobid: 5
    wildcards: iter=4, bgs=0, sweep=0

[Tue Dec 17 23:04:58 2019]
Finished job 64.
1 of 65 steps (2%) done

[Tue Dec 17 23:04:58 2019]
rule pi:
    input: hsweep_4_bgs0sweep1.vcf
    output: hsweep_4_bgs0sweep1.pi
    jobid: 54
    wildcards: iter=4, bgs=0, sweep=1

[Tue Dec 17 23:04:58 2019]
Finished job 54.
2 of 65 steps (3%) done

[Tue Dec 17 23:04:58 2019]
rule raisd:
    input: hsweep_4_bgs0sweep1.vcf
    output: RAiSD_Report.hsweep4bgs0sweep1
    jobid: 49
    wildcards: iter=4, bgs=0, sweep=1

[Tue Dec 17 23:04:59 2019]
Finished job 49.
3 of 65 steps (5%) done

[Tue Dec 17 23:04:59 2019]
rule slim:
    input: hsweep.slm
    output: hsweep_3_bgs0.2sweep1.vcf
    jobid: 9
    wildcards: iter=3, bgs=0.2, sweep=1

[Tue Dec 17 23:04:59 2019]
Finished job 10.
4 of 65 steps (6%) done

[Tue Dec 17 23:04:59 2019]
rule pi:
    input: hsweep_4_bgs0.2sweep1.vcf
    output: hsweep_4_bgs0.2sweep1.pi
    jobid: 44
    wildcards: iter=4, bgs=0.2, sweep=1

[Tue Dec 17 23:05:00 2019]
Finished job 44.
5 of 65 steps (8%) done

[Tue Dec 17 23:05:00 2019]
rule raisd:
    input: hsweep_4_bgs0.2sweep1.vcf
    output: RAiSD_Report.hsweep4bgs0.2sweep1
    jobid: 39
    wildcards: iter=4, bgs=0.2, sweep=1

[Tue Dec 17 23:05:00 2019]
Finished job 39.
6 of 65 steps (9%) done

[Tue Dec 17 23:05:00 2019]
rule slim:
    input: hsweep.slm
    output: hsweep_3_bgs0sweep1.vcf
    jobid: 63
    wildcards: iter=3, bgs=0, sweep=1

[Tue Dec 17 23:05:26 2019]
Finished job 63.
7 of 65 steps (11%) done

[Tue Dec 17 23:05:26 2019]
rule raisd:
    input: hsweep_3_bgs0sweep1.vcf
    output: RAiSD_Report.hsweep3bgs0sweep1
    jobid: 48
    wildcards: iter=3, bgs=0, sweep=1

[Tue Dec 17 23:05:27 2019]
Finished job 48.
8 of 65 steps (12%) done

[Tue Dec 17 23:05:27 2019]
rule pi:
    input: hsweep_3_bgs0sweep1.vcf
    output: hsweep_3_bgs0sweep1.pi
    jobid: 53
    wildcards: iter=3, bgs=0, sweep=1

[Tue Dec 17 23:05:27 2019]
Finished job 53.
9 of 65 steps (14%) done

[Tue Dec 17 23:05:27 2019]
rule slim:
    input: hsweep.slm
    output: hsweep_4_bgs0.2sweep0.vcf
    jobid: 59
    wildcards: iter=4, bgs=0.2, sweep=0

[Tue Dec 17 23:05:34 2019]
Finished job 9.
10 of 65 steps (15%) done

[Tue Dec 17 23:05:34 2019]
rule raisd:
    input: hsweep_3_bgs0.2sweep1.vcf
    output: RAiSD_Report.hsweep3bgs0.2sweep1
    jobid: 38
    wildcards: iter=3, bgs=0.2, sweep=1

[Tue Dec 17 23:05:34 2019]
Finished job 38.
11 of 65 steps (17%) done

[Tue Dec 17 23:05:34 2019]
rule pi:
    input: hsweep_3_bgs0.2sweep1.vcf
    output: hsweep_3_bgs0.2sweep1.pi
    jobid: 43
    wildcards: iter=3, bgs=0.2, sweep=1

[Tue Dec 17 23:05:35 2019]
Finished job 43.
12 of 65 steps (18%) done

[Tue Dec 17 23:05:35 2019]
rule slim:
    input: hsweep.slm
    output: hsweep_0_bgs0.2sweep1.vcf
    jobid: 6
    wildcards: iter=0, bgs=0.2, sweep=1

[Tue Dec 17 23:06:08 2019]
Finished job 6.
13 of 65 steps (20%) done

[Tue Dec 17 23:06:08 2019]
rule pi:
    input: hsweep_0_bgs0.2sweep1.vcf
    output: hsweep_0_bgs0.2sweep1.pi
    jobid: 40
    wildcards: iter=0, bgs=0.2, sweep=1

[Tue Dec 17 23:06:09 2019]
Finished job 40.
14 of 65 steps (22%) done

[Tue Dec 17 23:06:09 2019]
rule raisd:
    input: hsweep_0_bgs0.2sweep1.vcf
    output: RAiSD_Report.hsweep0bgs0.2sweep1
    jobid: 35
    wildcards: iter=0, bgs=0.2, sweep=1

[Tue Dec 17 23:06:09 2019]
Finished job 35.
15 of 65 steps (23%) done

[Tue Dec 17 23:06:09 2019]
rule slim:
    input: hsweep.slm
    output: hsweep_1_bgs0.2sweep0.vcf
    jobid: 56
    wildcards: iter=1, bgs=0.2, sweep=0

[Tue Dec 17 23:10:09 2019]
Finished job 4.
16 of 65 steps (25%) done

[Tue Dec 17 23:10:09 2019]
rule pi:
    input: hsweep_3_bgs0sweep0.vcf
    output: hsweep_3_bgs0sweep0.pi
    jobid: 23
    wildcards: iter=3, bgs=0, sweep=0

[Tue Dec 17 23:10:09 2019]
Finished job 23.
17 of 65 steps (26%) done

[Tue Dec 17 23:10:09 2019]
rule raisd:
    input: hsweep_3_bgs0sweep0.vcf
    output: RAiSD_Report.hsweep3bgs0sweep0
    jobid: 18
    wildcards: iter=3, bgs=0, sweep=0

[Tue Dec 17 23:10:10 2019]
Finished job 18.
18 of 65 steps (28%) done

[Tue Dec 17 23:10:10 2019]
rule slim:
    input: hsweep.slm
    output: hsweep_2_bgs0.2sweep0.vcf
    jobid: 57
    wildcards: iter=2, bgs=0.2, sweep=0

[Tue Dec 17 23:10:40 2019]
Finished job 5.
19 of 65 steps (29%) done

[Tue Dec 17 23:10:40 2019]
rule raisd:
    input: hsweep_4_bgs0sweep0.vcf
    output: RAiSD_Report.hsweep4bgs0sweep0
    jobid: 19
    wildcards: iter=4, bgs=0, sweep=0

[Tue Dec 17 23:10:41 2019]
Finished job 19.
20 of 65 steps (31%) done

[Tue Dec 17 23:10:41 2019]
rule pi:
    input: hsweep_4_bgs0sweep0.vcf
    output: hsweep_4_bgs0sweep0.pi
    jobid: 24
    wildcards: iter=4, bgs=0, sweep=0

[Tue Dec 17 23:10:42 2019]
Finished job 24.
21 of 65 steps (32%) done

[Tue Dec 17 23:10:42 2019]
rule slim:
    input: hsweep.slm
    output: hsweep_2_bgs0sweep0.vcf
    jobid: 3
    wildcards: iter=2, bgs=0, sweep=0

[Tue Dec 17 23:10:55 2019]
Finished job 58.
22 of 65 steps (34%) done

[Tue Dec 17 23:10:55 2019]
rule pi:
    input: hsweep_3_bgs0.2sweep0.vcf
    output: hsweep_3_bgs0.2sweep0.pi
    jobid: 33
    wildcards: iter=3, bgs=0.2, sweep=0

[Tue Dec 17 23:10:56 2019]
Finished job 33.
23 of 65 steps (35%) done

[Tue Dec 17 23:10:56 2019]
rule raisd:
    input: hsweep_3_bgs0.2sweep0.vcf
    output: RAiSD_Report.hsweep3bgs0.2sweep0
    jobid: 28
    wildcards: iter=3, bgs=0.2, sweep=0

[Tue Dec 17 23:10:57 2019]
Finished job 28.
24 of 65 steps (37%) done

[Tue Dec 17 23:10:57 2019]
rule slim:
    input: hsweep.slm
    output: hsweep_1_bgs0sweep0.vcf
    jobid: 2
    wildcards: iter=1, bgs=0, sweep=0

[Tue Dec 17 23:13:11 2019]
Finished job 59.
25 of 65 steps (38%) done

[Tue Dec 17 23:13:11 2019]
rule raisd:
    input: hsweep_4_bgs0.2sweep0.vcf
    output: RAiSD_Report.hsweep4bgs0.2sweep0
    jobid: 29
    wildcards: iter=4, bgs=0.2, sweep=0

[Tue Dec 17 23:13:12 2019]
Finished job 29.
26 of 65 steps (40%) done

[Tue Dec 17 23:13:12 2019]
rule pi:
    input: hsweep_4_bgs0.2sweep0.vcf
    output: hsweep_4_bgs0.2sweep0.pi
    jobid: 34
    wildcards: iter=4, bgs=0.2, sweep=0

[Tue Dec 17 23:13:13 2019]
Finished job 34.
27 of 65 steps (42%) done

[Tue Dec 17 23:13:13 2019]
rule slim:
    input: hsweep.slm
    output: hsweep_0_bgs0sweep1.vcf
    jobid: 60
    wildcards: iter=0, bgs=0, sweep=1

[Tue Dec 17 23:13:34 2019]
Finished job 56.
28 of 65 steps (43%) done

[Tue Dec 17 23:13:34 2019]
rule pi:
    input: hsweep_1_bgs0.2sweep0.vcf
    output: hsweep_1_bgs0.2sweep0.pi
    jobid: 31
    wildcards: iter=1, bgs=0.2, sweep=0

[Tue Dec 17 23:13:34 2019]
Finished job 31.
29 of 65 steps (45%) done

[Tue Dec 17 23:13:34 2019]
rule raisd:
    input: hsweep_1_bgs0.2sweep0.vcf
    output: RAiSD_Report.hsweep1bgs0.2sweep0
    jobid: 26
    wildcards: iter=1, bgs=0.2, sweep=0

[Tue Dec 17 23:13:35 2019]
Finished job 26.
30 of 65 steps (46%) done

[Tue Dec 17 23:13:35 2019]
rule slim:
    input: hsweep.slm
    output: hsweep_1_bgs0.2sweep1.vcf
    jobid: 7
    wildcards: iter=1, bgs=0.2, sweep=1

[Tue Dec 17 23:13:47 2019]
Finished job 60.
31 of 65 steps (48%) done

[Tue Dec 17 23:13:47 2019]
rule pi:
    input: hsweep_0_bgs0sweep1.vcf
    output: hsweep_0_bgs0sweep1.pi
    jobid: 50
    wildcards: iter=0, bgs=0, sweep=1

[Tue Dec 17 23:13:48 2019]
Finished job 50.
32 of 65 steps (49%) done

[Tue Dec 17 23:13:48 2019]
rule raisd:
    input: hsweep_0_bgs0sweep1.vcf
    output: RAiSD_Report.hsweep0bgs0sweep1
    jobid: 45
    wildcards: iter=0, bgs=0, sweep=1

[Tue Dec 17 23:13:48 2019]
Finished job 45.
33 of 65 steps (51%) done

[Tue Dec 17 23:13:48 2019]
rule slim:
    input: hsweep.slm
    output: hsweep_0_bgs0.2sweep0.vcf
    jobid: 55
    wildcards: iter=0, bgs=0.2, sweep=0

[Tue Dec 17 23:14:08 2019]
Finished job 7.
34 of 65 steps (52%) done

[Tue Dec 17 23:14:08 2019]
rule raisd:
    input: hsweep_1_bgs0.2sweep1.vcf
    output: RAiSD_Report.hsweep1bgs0.2sweep1
    jobid: 36
    wildcards: iter=1, bgs=0.2, sweep=1

[Tue Dec 17 23:14:08 2019]
Finished job 36.
35 of 65 steps (54%) done

[Tue Dec 17 23:14:08 2019]
rule pi:
    input: hsweep_1_bgs0.2sweep1.vcf
    output: hsweep_1_bgs0.2sweep1.pi
    jobid: 41
    wildcards: iter=1, bgs=0.2, sweep=1

[Tue Dec 17 23:14:09 2019]
Finished job 41.
36 of 65 steps (55%) done

[Tue Dec 17 23:14:09 2019]
rule slim:
    input: hsweep.slm
    output: hsweep_2_bgs0.2sweep1.vcf
    jobid: 8
    wildcards: iter=2, bgs=0.2, sweep=1

[Tue Dec 17 23:14:38 2019]
Finished job 8.
37 of 65 steps (57%) done

[Tue Dec 17 23:14:38 2019]
rule raisd:
    input: hsweep_2_bgs0.2sweep1.vcf
    output: RAiSD_Report.hsweep2bgs0.2sweep1
    jobid: 37
    wildcards: iter=2, bgs=0.2, sweep=1

[Tue Dec 17 23:14:38 2019]
Finished job 37.
38 of 65 steps (58%) done

[Tue Dec 17 23:14:38 2019]
rule pi:
    input: hsweep_2_bgs0.2sweep1.vcf
    output: hsweep_2_bgs0.2sweep1.pi
    jobid: 42
    wildcards: iter=2, bgs=0.2, sweep=1

[Tue Dec 17 23:14:38 2019]
Finished job 42.
39 of 65 steps (60%) done

[Tue Dec 17 23:14:38 2019]
rule combine:
    input: RAiSD_Report.hsweep0bgs0.2sweep1, RAiSD_Report.hsweep1bgs0.2sweep1, RAiSD_Report.hsweep2bgs0.2sweep1, RAiSD_Report.hsweep3bgs0.2sweep1, RAiSD_Report.hsweep4bgs0.2sweep1, hsweep_0_bgs0.2sweep1.pi, hsweep_1_bgs0.2sweep1.pi, hsweep_2_bgs0.2sweep1.pi, hsweep_3_bgs0.2sweep1.pi, hsweep_4_bgs0.2sweep1.pi
    output: raisd_bgs0.2sweep1.txt, pi_bgs0.2sweep1.txt
    jobid: 13
    wildcards: bgs=0.2, sweep=1

[Tue Dec 17 23:14:38 2019]
Finished job 13.
40 of 65 steps (62%) done

[Tue Dec 17 23:14:38 2019]
rule slim:
    input: hsweep.slm
    output: hsweep_2_bgs0sweep1.vcf
    jobid: 62
    wildcards: iter=2, bgs=0, sweep=1

[Tue Dec 17 23:15:02 2019]
Finished job 62.
41 of 65 steps (63%) done

[Tue Dec 17 23:15:02 2019]
rule raisd:
    input: hsweep_2_bgs0sweep1.vcf
    output: RAiSD_Report.hsweep2bgs0sweep1
    jobid: 47
    wildcards: iter=2, bgs=0, sweep=1

[Tue Dec 17 23:15:02 2019]
Finished job 47.
42 of 65 steps (65%) done

[Tue Dec 17 23:15:02 2019]
rule pi:
    input: hsweep_2_bgs0sweep1.vcf
    output: hsweep_2_bgs0sweep1.pi
    jobid: 52
    wildcards: iter=2, bgs=0, sweep=1

[Tue Dec 17 23:15:03 2019]
Finished job 52.
43 of 65 steps (66%) done

[Tue Dec 17 23:15:03 2019]
rule slim:
    input: hsweep.slm
    output: hsweep_0_bgs0sweep0.vcf
    jobid: 1
    wildcards: iter=0, bgs=0, sweep=0

[Tue Dec 17 23:16:46 2019]
Finished job 3.
44 of 65 steps (68%) done

[Tue Dec 17 23:16:46 2019]
rule pi:
    input: hsweep_2_bgs0sweep0.vcf
    output: hsweep_2_bgs0sweep0.pi
    jobid: 22
    wildcards: iter=2, bgs=0, sweep=0

[Tue Dec 17 23:16:47 2019]
Finished job 22.
45 of 65 steps (69%) done

[Tue Dec 17 23:16:47 2019]
rule raisd:
    input: hsweep_2_bgs0sweep0.vcf
    output: RAiSD_Report.hsweep2bgs0sweep0
    jobid: 17
    wildcards: iter=2, bgs=0, sweep=0

[Tue Dec 17 23:16:48 2019]
Finished job 17.
46 of 65 steps (71%) done

[Tue Dec 17 23:16:48 2019]
rule slim:
    input: hsweep.slm
    output: hsweep_1_bgs0sweep1.vcf
    jobid: 61
    wildcards: iter=1, bgs=0, sweep=1

[Tue Dec 17 23:17:12 2019]
Finished job 61.
47 of 65 steps (72%) done

[Tue Dec 17 23:17:12 2019]
rule raisd:
    input: hsweep_1_bgs0sweep1.vcf
    output: RAiSD_Report.hsweep1bgs0sweep1
    jobid: 46
    wildcards: iter=1, bgs=0, sweep=1

[Tue Dec 17 23:17:12 2019]
Finished job 46.
48 of 65 steps (74%) done

[Tue Dec 17 23:17:12 2019]
rule pi:
    input: hsweep_1_bgs0sweep1.vcf
    output: hsweep_1_bgs0sweep1.pi
    jobid: 51
    wildcards: iter=1, bgs=0, sweep=1

[Tue Dec 17 23:17:13 2019]
Finished job 51.
49 of 65 steps (75%) done

[Tue Dec 17 23:17:13 2019]
rule combine:
    input: RAiSD_Report.hsweep0bgs0sweep1, RAiSD_Report.hsweep1bgs0sweep1, RAiSD_Report.hsweep2bgs0sweep1, RAiSD_Report.hsweep3bgs0sweep1, RAiSD_Report.hsweep4bgs0sweep1, hsweep_0_bgs0sweep1.pi, hsweep_1_bgs0sweep1.pi, hsweep_2_bgs0sweep1.pi, hsweep_3_bgs0sweep1.pi, hsweep_4_bgs0sweep1.pi
    output: raisd_bgs0sweep1.txt, pi_bgs0sweep1.txt
    jobid: 14
    wildcards: bgs=0, sweep=1

[Tue Dec 17 23:17:13 2019]
Finished job 14.
50 of 65 steps (77%) done
[Tue Dec 17 23:17:24 2019]
Finished job 2.
51 of 65 steps (78%) done

[Tue Dec 17 23:17:24 2019]
rule pi:
    input: hsweep_1_bgs0sweep0.vcf
    output: hsweep_1_bgs0sweep0.pi
    jobid: 21
    wildcards: iter=1, bgs=0, sweep=0


[Tue Dec 17 23:17:24 2019]
rule raisd:
    input: hsweep_1_bgs0sweep0.vcf
    output: RAiSD_Report.hsweep1bgs0sweep0
    jobid: 16
    wildcards: iter=1, bgs=0, sweep=0

[Tue Dec 17 23:17:24 2019]
Finished job 21.
52 of 65 steps (80%) done
[Tue Dec 17 23:17:25 2019]
Finished job 16.
53 of 65 steps (82%) done
[Tue Dec 17 23:17:31 2019]
Finished job 57.
54 of 65 steps (83%) done

[Tue Dec 17 23:17:31 2019]
rule pi:
    input: hsweep_2_bgs0.2sweep0.vcf
    output: hsweep_2_bgs0.2sweep0.pi
    jobid: 32
    wildcards: iter=2, bgs=0.2, sweep=0


[Tue Dec 17 23:17:31 2019]
rule raisd:
    input: hsweep_2_bgs0.2sweep0.vcf
    output: RAiSD_Report.hsweep2bgs0.2sweep0
    jobid: 27
    wildcards: iter=2, bgs=0.2, sweep=0

[Tue Dec 17 23:17:32 2019]
Finished job 32.
55 of 65 steps (85%) done
[Tue Dec 17 23:17:32 2019]
Finished job 27.
56 of 65 steps (86%) done
[Tue Dec 17 23:19:19 2019]
Finished job 1.
57 of 65 steps (88%) done

[Tue Dec 17 23:19:19 2019]
rule raisd:
    input: hsweep_0_bgs0sweep0.vcf
    output: RAiSD_Report.hsweep0bgs0sweep0
    jobid: 15
    wildcards: iter=0, bgs=0, sweep=0


[Tue Dec 17 23:19:19 2019]
rule pi:
    input: hsweep_0_bgs0sweep0.vcf
    output: hsweep_0_bgs0sweep0.pi
    jobid: 20
    wildcards: iter=0, bgs=0, sweep=0

[Tue Dec 17 23:19:19 2019]
Finished job 20.
58 of 65 steps (89%) done
[Tue Dec 17 23:19:20 2019]
Finished job 15.
59 of 65 steps (91%) done

[Tue Dec 17 23:19:20 2019]
rule combine:
    input: RAiSD_Report.hsweep0bgs0sweep0, RAiSD_Report.hsweep1bgs0sweep0, RAiSD_Report.hsweep2bgs0sweep0, RAiSD_Report.hsweep3bgs0sweep0, RAiSD_Report.hsweep4bgs0sweep0, hsweep_0_bgs0sweep0.pi, hsweep_1_bgs0sweep0.pi, hsweep_2_bgs0sweep0.pi, hsweep_3_bgs0sweep0.pi, hsweep_4_bgs0sweep0.pi
    output: raisd_bgs0sweep0.txt, pi_bgs0sweep0.txt
    jobid: 11
    wildcards: bgs=0, sweep=0

[Tue Dec 17 23:19:20 2019]
Finished job 11.
60 of 65 steps (92%) done
[Tue Dec 17 23:19:29 2019]
Finished job 55.
61 of 65 steps (94%) done

[Tue Dec 17 23:19:29 2019]
rule raisd:
    input: hsweep_0_bgs0.2sweep0.vcf
    output: RAiSD_Report.hsweep0bgs0.2sweep0
    jobid: 25
    wildcards: iter=0, bgs=0.2, sweep=0


[Tue Dec 17 23:19:29 2019]
rule pi:
    input: hsweep_0_bgs0.2sweep0.vcf
    output: hsweep_0_bgs0.2sweep0.pi
    jobid: 30
    wildcards: iter=0, bgs=0.2, sweep=0

[Tue Dec 17 23:19:29 2019]
Finished job 30.
62 of 65 steps (95%) done
[Tue Dec 17 23:19:30 2019]
Finished job 25.
63 of 65 steps (97%) done

[Tue Dec 17 23:19:30 2019]
rule combine:
    input: RAiSD_Report.hsweep0bgs0.2sweep0, RAiSD_Report.hsweep1bgs0.2sweep0, RAiSD_Report.hsweep2bgs0.2sweep0, RAiSD_Report.hsweep3bgs0.2sweep0, RAiSD_Report.hsweep4bgs0.2sweep0, hsweep_0_bgs0.2sweep0.pi, hsweep_1_bgs0.2sweep0.pi, hsweep_2_bgs0.2sweep0.pi, hsweep_3_bgs0.2sweep0.pi, hsweep_4_bgs0.2sweep0.pi
    output: raisd_bgs0.2sweep0.txt, pi_bgs0.2sweep0.txt
    jobid: 12
    wildcards: bgs=0.2, sweep=0

[Tue Dec 17 23:19:30 2019]
Finished job 12.
64 of 65 steps (98%) done

[Tue Dec 17 23:19:30 2019]
localrule all:
    input: hsweep_0_bgs0sweep0.vcf, hsweep_1_bgs0sweep0.vcf, hsweep_2_bgs0sweep0.vcf, hsweep_3_bgs0sweep0.vcf, hsweep_4_bgs0sweep0.vcf, hsweep_0_bgs0sweep0.vcf, hsweep_1_bgs0sweep0.vcf, hsweep_2_bgs0sweep0.vcf, hsweep_3_bgs0sweep0.vcf, hsweep_4_bgs0sweep0.vcf, hsweep_0_bgs0.2sweep1.vcf, hsweep_1_bgs0.2sweep1.vcf, hsweep_2_bgs0.2sweep1.vcf, hsweep_3_bgs0.2sweep1.vcf, hsweep_4_bgs0.2sweep1.vcf, hsweep_0_bgs0.2sweep1.vcf, hsweep_1_bgs0.2sweep1.vcf, hsweep_2_bgs0.2sweep1.vcf, hsweep_3_bgs0.2sweep1.vcf, hsweep_4_bgs0.2sweep1.vcf, pi_bgs0sweep0.txt, pi_bgs0.2sweep0.txt, pi_bgs0.2sweep1.txt, pi_bgs0sweep1.txt, raisd_bgs0sweep0.txt, raisd_bgs0.2sweep0.txt, raisd_bgs0.2sweep1.txt, raisd_bgs0sweep1.txt
    jobid: 0

[Tue Dec 17 23:19:30 2019]
Finished job 0.
65 of 65 steps (100%) done
Complete log: /home/silastittes/Dropbox/slim_bgs/.snakemake/log/2019-12-17T230427.880296.snakemake.log
